<?xml version="1.0" encoding="UTF-8"?>
<testng-results ignored="0" total="1" passed="1" failed="0" skipped="0">
  <reporter-output>
  </reporter-output>
  <suite started-at="2021-03-01T09:35:13Z" name="Default suite" finished-at="2021-03-01T09:35:48Z" duration-ms="34668">
    <groups>
    </groups>
    <test started-at="2021-03-01T09:35:13Z" name="Default test" finished-at="2021-03-01T09:35:48Z" duration-ms="34668">
      <class name="TestCases.TestCases002">
        <test-method signature="AddEmp()[pri:0, instance:TestCases.TestCases002@60bd273d]" started-at="2021-03-01T15:05:13Z" name="AddEmp" finished-at="2021-03-01T15:05:48Z" duration-ms="34655" status="PASS">
          <reporter-output>
          </reporter-output>
        </test-method> <!-- AddEmp -->
      </class> <!-- TestCases.TestCases002 -->
    </test> <!-- Default test -->
  </suite> <!-- Default suite -->
</testng-results>
